<?xml version="1.0" encoding="UTF-8"?>
<testsuite name="EventTest" tests="3" skipped="0" failures="0" errors="0" timestamp="2016-09-15T02:29:48" hostname="epicodus-1.local" time="0.001">
  <properties/>
  <testcase name="newEvent_initializesEvent" classname="EventTest" time="0.001"/>
  <testcase name="calcCost_calculateCostMultGuest_returnCost" classname="EventTest" time="0.0"/>
  <testcase name="calcCost_calculateCostfor1Guest_returnCost" classname="EventTest" time="0.0"/>
  <system-out><![CDATA[]]></system-out>
  <system-err><![CDATA[]]></system-err>
</testsuite>
