<?xml version="1.0" encoding="UTF-8"?>
<testsuite name="EventTest" tests="1" skipped="0" failures="0" errors="0" timestamp="2016-09-15T01:39:04" hostname="epicodus-1.local" time="0.001">
  <properties/>
  <testcase name="newEvent_initializesEvent" classname="EventTest" time="0.001"/>
  <system-out><![CDATA[]]></system-out>
  <system-err><![CDATA[]]></system-err>
</testsuite>
